{"D:\\Study\\MyProject\\hara-ui@latest\\src\\Button\\index.tsx": {"path":"D:\\Study\\MyProject\\hara-ui@latest\\src\\Button\\index.tsx","statementMap":{"0":{"start":{"line":1,"column":0},"end":{"line":1,"column":63}},"1":{"start":{"line":3,"column":0},"end":{"line":3,"column":28}},"2":{"start":{"line":15,"column":51},"end":{"line":29,"column":1}},"3":{"start":{"line":16,"column":71},"end":{"line":16,"column":76}},"4":{"start":{"line":17,"column":2},"end":{"line":28,"column":4}},"5":{"start":{"line":31,"column":0},"end":{"line":31,"column":22}}},"fnMap":{"0":{"name":"(anonymous_1)","decl":{"start":{"line":15,"column":51},"end":{"line":15,"column":52}},"loc":{"start":{"line":15,"column":61},"end":{"line":29,"column":1}}}},"branchMap":{"0":{"loc":{"start":{"line":16,"column":10},"end":{"line":16,"column":29}},"type":"default-arg","locations":[{"start":{"line":16,"column":20},"end":{"line":16,"column":29}}]},"1":{"loc":{"start":{"line":20,"column":29},"end":{"line":20,"column":65}},"type":"cond-expr","locations":[{"start":{"line":20,"column":39},"end":{"line":20,"column":60}},{"start":{"line":20,"column":63},"end":{"line":20,"column":65}}]},"2":{"loc":{"start":{"line":21,"column":8},"end":{"line":21,"column":null}},"type":"cond-expr","locations":[{"start":{"line":21,"column":34},"end":{"line":21,"column":43}},{"start":{"line":21,"column":46},"end":{"line":21,"column":null}}]}},"s":{"0":1,"1":1,"2":1,"3":4,"4":4,"5":1},"f":{"0":4},"b":{"0":[2],"1":[4,0],"2":[0,4]}}
,"D:\\Study\\MyProject\\hara-ui@latest\\src\\Calendar\\index.tsx": {"path":"D:\\Study\\MyProject\\hara-ui@latest\\src\\Calendar\\index.tsx","statementMap":{"0":{"start":{"line":1,"column":0},"end":{"line":1,"column":26}},"1":{"start":{"line":2,"column":0},"end":{"line":2,"column":57}},"2":{"start":{"line":3,"column":0},"end":{"line":3,"column":59}},"3":{"start":{"line":4,"column":0},"end":{"line":4,"column":28}},"4":{"start":{"line":8,"column":17},"end":{"line":33,"column":1}},"5":{"start":{"line":11,"column":24},"end":{"line":11,"column":null}},"6":{"start":{"line":12,"column":10},"end":{"line":13,"column":16}},"7":{"start":{"line":14,"column":2},"end":{"line":32,"column":4}},"8":{"start":{"line":22,"column":10},"end":{"line":26,"column":null}},"9":{"start":{"line":23,"column":12},"end":{"line":23,"column":76}},"10":{"start":{"line":24,"column":17},"end":{"line":26,"column":null}},"11":{"start":{"line":25,"column":12},"end":{"line":25,"column":77}},"12":{"start":{"line":27,"column":10},"end":{"line":27,"column":74}},"13":{"start":{"line":35,"column":0},"end":{"line":35,"column":24}}},"fnMap":{"0":{"name":"(anonymous_2)","decl":{"start":{"line":8,"column":17},"end":{"line":8,"column":18}},"loc":{"start":{"line":13,"column":20},"end":{"line":33,"column":1}}},"1":{"name":"(anonymous_3)","decl":{"start":{"line":21,"column":17},"end":{"line":21,"column":18}},"loc":{"start":{"line":21,"column":41},"end":{"line":28,"column":9}}}},"branchMap":{"0":{"loc":{"start":{"line":11,"column":2},"end":{"line":11,"column":24}},"type":"default-arg","locations":[{"start":{"line":11,"column":20},"end":{"line":11,"column":24}}]},"1":{"loc":{"start":{"line":18,"column":36},"end":{"line":18,"column":68}},"type":"cond-expr","locations":[{"start":{"line":18,"column":48},"end":{"line":18,"column":63}},{"start":{"line":18,"column":66},"end":{"line":18,"column":68}}]},"2":{"loc":{"start":{"line":22,"column":10},"end":{"line":26,"column":null}},"type":"if","locations":[{"start":{"line":22,"column":10},"end":{"line":26,"column":null}},{"start":{"line":24,"column":17},"end":{"line":26,"column":null}}]},"3":{"loc":{"start":{"line":24,"column":17},"end":{"line":26,"column":null}},"type":"if","locations":[{"start":{"line":24,"column":17},"end":{"line":26,"column":null}}]}},"s":{"0":1,"1":1,"2":1,"3":1,"4":1,"5":3,"6":3,"7":3,"8":16,"9":8,"10":8,"11":8,"12":0,"13":1},"f":{"0":3,"1":16},"b":{"0":[3],"1":[0,3],"2":[8,8],"3":[8]}}
,"D:\\Study\\MyProject\\hara-ui@latest\\src\\Input\\index.tsx": {"path":"D:\\Study\\MyProject\\hara-ui@latest\\src\\Input\\index.tsx","statementMap":{"0":{"start":{"line":1,"column":0},"end":{"line":1,"column":63}},"1":{"start":{"line":2,"column":0},"end":{"line":2,"column":28}},"2":{"start":{"line":10,"column":49},"end":{"line":19,"column":1}},"3":{"start":{"line":11,"column":40},"end":{"line":11,"column":45}},"4":{"start":{"line":11,"column":35},"end":{"line":11,"column":40}},"5":{"start":{"line":12,"column":2},"end":{"line":18,"column":4}},"6":{"start":{"line":21,"column":0},"end":{"line":21,"column":21}}},"fnMap":{"0":{"name":"(anonymous_2)","decl":{"start":{"line":10,"column":49},"end":{"line":10,"column":50}},"loc":{"start":{"line":10,"column":59},"end":{"line":19,"column":1}}}},"branchMap":{"0":{"loc":{"start":{"line":14,"column":31},"end":{"line":14,"column":71}},"type":"cond-expr","locations":[{"start":{"line":14,"column":57},"end":{"line":14,"column":66}},{"start":{"line":14,"column":69},"end":{"line":14,"column":71}}]}},"s":{"0":1,"1":1,"2":1,"3":3,"4":3,"5":3,"6":1},"f":{"0":3},"b":{"0":[0,3]}}
,"D:\\Study\\MyProject\\hara-ui@latest\\src\\Select\\index.tsx": {"path":"D:\\Study\\MyProject\\hara-ui@latest\\src\\Select\\index.tsx","statementMap":{"0":{"start":{"line":2,"column":0},"end":{"line":2,"column":53}},"1":{"start":{"line":3,"column":0},"end":{"line":3,"column":null}},"2":{"start":{"line":11,"column":0},"end":{"line":11,"column":28}},"3":{"start":{"line":42,"column":22},"end":{"line":42,"column":78}},"4":{"start":{"line":44,"column":64},"end":{"line":100,"column":1}},"5":{"start":{"line":45,"column":51},"end":{"line":45,"column":56}},"6":{"start":{"line":47,"column":20},"end":{"line":47,"column":48}},"7":{"start":{"line":48,"column":30},"end":{"line":48,"column":45}},"8":{"start":{"line":49,"column":44},"end":{"line":49,"column":74}},"9":{"start":{"line":50,"column":44},"end":{"line":50,"column":null}},"10":{"start":{"line":54,"column":21},"end":{"line":56,"column":3}},"11":{"start":{"line":55,"column":4},"end":{"line":55,"column":31}},"12":{"start":{"line":55,"column":24},"end":{"line":55,"column":29}},"13":{"start":{"line":58,"column":23},"end":{"line":63,"column":3}},"14":{"start":{"line":59,"column":4},"end":{"line":59,"column":26}},"15":{"start":{"line":60,"column":4},"end":{"line":60,"column":28}},"16":{"start":{"line":61,"column":4},"end":{"line":61,"column":21}},"17":{"start":{"line":62,"column":4},"end":{"line":62,"column":32}},"18":{"start":{"line":62,"column":18},"end":{"line":62,"column":32}},"19":{"start":{"line":65,"column":2},"end":{"line":79,"column":9}},"20":{"start":{"line":66,"column":31},"end":{"line":73,"column":5}},"21":{"start":{"line":67,"column":6},"end":{"line":72,"column":null}},"22":{"start":{"line":71,"column":8},"end":{"line":71,"column":25}},"23":{"start":{"line":75,"column":4},"end":{"line":75,"column":63}},"24":{"start":{"line":76,"column":4},"end":{"line":78,"column":6}},"25":{"start":{"line":77,"column":6},"end":{"line":77,"column":68}},"26":{"start":{"line":81,"column":2},"end":{"line":99,"column":4}},"27":{"start":{"line":44,"column":13},"end":{"line":44,"column":64}},"28":{"start":{"line":102,"column":70},"end":{"line":132,"column":1}},"29":{"start":{"line":105,"column":18},"end":{"line":105,"column":43}},"30":{"start":{"line":106,"column":21},"end":{"line":106,"column":52}},"31":{"start":{"line":108,"column":27},"end":{"line":110,"column":4}},"32":{"start":{"line":112,"column":2},"end":{"line":112,"column":64}},"33":{"start":{"line":112,"column":16},"end":{"line":112,"column":64}},"34":{"start":{"line":114,"column":22},"end":{"line":119,"column":3}},"35":{"start":{"line":115,"column":4},"end":{"line":115,"column":25}},"36":{"start":{"line":116,"column":4},"end":{"line":118,"column":null}},"37":{"start":{"line":117,"column":6},"end":{"line":117,"column":33}},"38":{"start":{"line":121,"column":2},"end":{"line":131,"column":4}},"39":{"start":{"line":102,"column":13},"end":{"line":102,"column":70}},"40":{"start":{"line":134,"column":70},"end":{"line":143,"column":1}},"41":{"start":{"line":137,"column":18},"end":{"line":137,"column":43}},"42":{"start":{"line":138,"column":2},"end":{"line":138,"column":64}},"43":{"start":{"line":138,"column":16},"end":{"line":138,"column":64}},"44":{"start":{"line":140,"column":2},"end":{"line":142,"column":11}},"45":{"start":{"line":134,"column":13},"end":{"line":134,"column":70}},"46":{"start":{"line":145,"column":72},"end":{"line":163,"column":1}},"47":{"start":{"line":149,"column":18},"end":{"line":149,"column":43}},"48":{"start":{"line":150,"column":2},"end":{"line":150,"column":61}},"49":{"start":{"line":150,"column":16},"end":{"line":150,"column":61}},"50":{"start":{"line":152,"column":21},"end":{"line":152,"column":70}},"51":{"start":{"line":154,"column":2},"end":{"line":162,"column":4}},"52":{"start":{"line":157,"column":21},"end":{"line":157,"column":54}},"53":{"start":{"line":145,"column":13},"end":{"line":145,"column":72}}},"fnMap":{"0":{"name":"(anonymous_6)","decl":{"start":{"line":44,"column":64},"end":{"line":44,"column":65}},"loc":{"start":{"line":44,"column":74},"end":{"line":100,"column":1}}},"1":{"name":"(anonymous_7)","decl":{"start":{"line":54,"column":21},"end":{"line":54,"column":24}},"loc":{"start":{"line":54,"column":26},"end":{"line":56,"column":3}}},"2":{"name":"(anonymous_8)","decl":{"start":{"line":55,"column":14},"end":{"line":55,"column":15}},"loc":{"start":{"line":55,"column":24},"end":{"line":55,"column":29}}},"3":{"name":"(anonymous_9)","decl":{"start":{"line":58,"column":23},"end":{"line":58,"column":24}},"loc":{"start":{"line":58,"column":63},"end":{"line":63,"column":3}}},"4":{"name":"(anonymous_10)","decl":{"start":{"line":65,"column":12},"end":{"line":65,"column":15}},"loc":{"start":{"line":65,"column":17},"end":{"line":79,"column":3}}},"5":{"name":"(anonymous_11)","decl":{"start":{"line":66,"column":31},"end":{"line":66,"column":32}},"loc":{"start":{"line":66,"column":53},"end":{"line":73,"column":5}}},"6":{"name":"(anonymous_12)","decl":{"start":{"line":76,"column":11},"end":{"line":76,"column":14}},"loc":{"start":{"line":76,"column":16},"end":{"line":78,"column":5}}},"7":{"name":"(anonymous_13)","decl":{"start":{"line":102,"column":70},"end":{"line":102,"column":71}},"loc":{"start":{"line":104,"column":5},"end":{"line":132,"column":1}}},"8":{"name":"(anonymous_14)","decl":{"start":{"line":114,"column":22},"end":{"line":114,"column":25}},"loc":{"start":{"line":114,"column":27},"end":{"line":119,"column":3}}},"9":{"name":"(anonymous_15)","decl":{"start":{"line":134,"column":70},"end":{"line":134,"column":71}},"loc":{"start":{"line":136,"column":5},"end":{"line":143,"column":1}}},"10":{"name":"(anonymous_16)","decl":{"start":{"line":145,"column":72},"end":{"line":145,"column":73}},"loc":{"start":{"line":148,"column":5},"end":{"line":163,"column":1}}},"11":{"name":"(anonymous_17)","decl":{"start":{"line":157,"column":15},"end":{"line":157,"column":18}},"loc":{"start":{"line":157,"column":21},"end":{"line":157,"column":54}}}},"branchMap":{"0":{"loc":{"start":{"line":62,"column":4},"end":{"line":62,"column":32}},"type":"if","locations":[{"start":{"line":62,"column":4},"end":{"line":62,"column":32}}]},"1":{"loc":{"start":{"line":67,"column":6},"end":{"line":72,"column":null}},"type":"if","locations":[{"start":{"line":67,"column":6},"end":{"line":72,"column":null}}]},"2":{"loc":{"start":{"line":68,"column":8},"end":{"line":69,"column":57}},"type":"binary-expr","locations":[{"start":{"line":68,"column":8},"end":{"line":68,"column":25}},{"start":{"line":69,"column":8},"end":{"line":69,"column":57}}]},"3":{"loc":{"start":{"line":93,"column":34},"end":{"line":93,"column":74}},"type":"cond-expr","locations":[{"start":{"line":93,"column":60},"end":{"line":93,"column":69}},{"start":{"line":93,"column":72},"end":{"line":93,"column":74}}]},"4":{"loc":{"start":{"line":109,"column":4},"end":{"line":109,"column":null}},"type":"cond-expr","locations":[{"start":{"line":109,"column":22},"end":{"line":109,"column":31}},{"start":{"line":109,"column":34},"end":{"line":109,"column":null}}]},"5":{"loc":{"start":{"line":109,"column":4},"end":{"line":109,"column":19}},"type":"cond-expr","locations":[{"start":{"line":109,"column":11},"end":{"line":109,"column":13}},{"start":{"line":109,"column":4},"end":{"line":109,"column":19}}]},"6":{"loc":{"start":{"line":109,"column":4},"end":{"line":109,"column":13}},"type":"binary-expr","locations":[{"start":{"line":109,"column":4},"end":{"line":109,"column":13}},{"start":{"line":109,"column":4},"end":{"line":109,"column":13}}]},"7":{"loc":{"start":{"line":112,"column":2},"end":{"line":112,"column":64}},"type":"if","locations":[{"start":{"line":112,"column":2},"end":{"line":112,"column":64}}]},"8":{"loc":{"start":{"line":116,"column":4},"end":{"line":118,"column":null}},"type":"if","locations":[{"start":{"line":116,"column":4},"end":{"line":118,"column":null}}]},"9":{"loc":{"start":{"line":128,"column":7},"end":{"line":128,"column":40}},"type":"binary-expr","locations":[{"start":{"line":128,"column":7},"end":{"line":128,"column":28}},{"start":{"line":128,"column":32},"end":{"line":128,"column":40}}]},"10":{"loc":{"start":{"line":138,"column":2},"end":{"line":138,"column":64}},"type":"if","locations":[{"start":{"line":138,"column":2},"end":{"line":138,"column":64}}]},"11":{"loc":{"start":{"line":140,"column":9},"end":{"line":142,"column":10}},"type":"cond-expr","locations":[{"start":{"line":141,"column":4},"end":{"line":141,"column":57}},{"start":{"line":142,"column":6},"end":{"line":142,"column":10}}]},"12":{"loc":{"start":{"line":150,"column":2},"end":{"line":150,"column":61}},"type":"if","locations":[{"start":{"line":150,"column":2},"end":{"line":150,"column":61}}]},"13":{"loc":{"start":{"line":152,"column":21},"end":{"line":152,"column":70}},"type":"binary-expr","locations":[{"start":{"line":152,"column":21},"end":{"line":152,"column":35}},{"start":{"line":152,"column":39},"end":{"line":152,"column":70}}]},"14":{"loc":{"start":{"line":156,"column":37},"end":{"line":156,"column":65}},"type":"cond-expr","locations":[{"start":{"line":156,"column":50},"end":{"line":156,"column":60}},{"start":{"line":156,"column":63},"end":{"line":156,"column":65}}]},"15":{"loc":{"start":{"line":160,"column":7},"end":{"line":160,"column":40}},"type":"binary-expr","locations":[{"start":{"line":160,"column":7},"end":{"line":160,"column":17}},{"start":{"line":160,"column":21},"end":{"line":160,"column":40}}]}},"s":{"0":1,"1":1,"2":1,"3":1,"4":1,"5":10,"6":10,"7":10,"8":10,"9":10,"10":10,"11":4,"12":4,"13":10,"14":1,"15":1,"16":1,"17":1,"18":1,"19":10,"20":4,"21":1,"22":1,"23":4,"24":4,"25":4,"26":10,"27":1,"28":1,"29":10,"30":10,"31":10,"32":10,"33":0,"34":10,"35":4,"36":4,"37":4,"38":10,"39":1,"40":1,"41":10,"42":10,"43":0,"44":10,"45":1,"46":1,"47":6,"48":6,"49":0,"50":6,"51":6,"52":1,"53":1},"f":{"0":10,"1":4,"2":4,"3":1,"4":4,"5":1,"6":4,"7":10,"8":4,"9":10,"10":6,"11":1},"b":{"0":[1],"1":[1],"2":[1,1],"3":[0,10],"4":[3,7],"5":[0,10],"6":[10,10],"7":[0],"8":[4],"9":[10,9],"10":[0],"11":[3,7],"12":[0],"13":[6,6],"14":[0,6],"15":[6,0]}}
,"D:\\Study\\MyProject\\hara-ui@latest\\src\\Separator\\index.tsx": {"path":"D:\\Study\\MyProject\\hara-ui@latest\\src\\Separator\\index.tsx","statementMap":{"0":{"start":{"line":1,"column":0},"end":{"line":1,"column":26}},"1":{"start":{"line":2,"column":0},"end":{"line":2,"column":28}},"2":{"start":{"line":13,"column":44},"end":{"line":19,"column":1}},"3":{"start":{"line":14,"column":58},"end":{"line":14,"column":63}},"4":{"start":{"line":15,"column":2},"end":{"line":18,"column":5}},"5":{"start":{"line":21,"column":0},"end":{"line":21,"column":25}}},"fnMap":{"0":{"name":"(anonymous_1)","decl":{"start":{"line":13,"column":44},"end":{"line":13,"column":45}},"loc":{"start":{"line":13,"column":54},"end":{"line":19,"column":1}}}},"branchMap":{"0":{"loc":{"start":{"line":14,"column":10},"end":{"line":14,"column":36}},"type":"default-arg","locations":[{"start":{"line":14,"column":24},"end":{"line":14,"column":36}}]},"1":{"loc":{"start":{"line":17,"column":63},"end":{"line":17,"column":103}},"type":"cond-expr","locations":[{"start":{"line":17,"column":89},"end":{"line":17,"column":98}},{"start":{"line":17,"column":101},"end":{"line":17,"column":103}}]}},"s":{"0":1,"1":1,"2":1,"3":2,"4":2,"5":1},"f":{"0":2},"b":{"0":[1],"1":[0,2]}}
,"D:\\Study\\MyProject\\hara-ui@latest\\src\\Tooltip\\index.tsx": {"path":"D:\\Study\\MyProject\\hara-ui@latest\\src\\Tooltip\\index.tsx","statementMap":{"0":{"start":{"line":1,"column":0},"end":{"line":1,"column":73}},"1":{"start":{"line":2,"column":0},"end":{"line":2,"column":28}},"2":{"start":{"line":11,"column":53},"end":{"line":33,"column":1}},"3":{"start":{"line":12,"column":51},"end":{"line":12,"column":56}},"4":{"start":{"line":13,"column":32},"end":{"line":13,"column":47}},"5":{"start":{"line":15,"column":22},"end":{"line":15,"column":44}},"6":{"start":{"line":15,"column":28},"end":{"line":15,"column":44}},"7":{"start":{"line":16,"column":22},"end":{"line":16,"column":45}},"8":{"start":{"line":16,"column":28},"end":{"line":16,"column":45}},"9":{"start":{"line":19,"column":24},"end":{"line":19,"column":51}},"10":{"start":{"line":21,"column":2},"end":{"line":32,"column":4}},"11":{"start":{"line":35,"column":0},"end":{"line":35,"column":23}}},"fnMap":{"0":{"name":"(anonymous_6)","decl":{"start":{"line":11,"column":53},"end":{"line":11,"column":54}},"loc":{"start":{"line":11,"column":63},"end":{"line":33,"column":1}}},"1":{"name":"(anonymous_7)","decl":{"start":{"line":15,"column":22},"end":{"line":15,"column":25}},"loc":{"start":{"line":15,"column":28},"end":{"line":15,"column":44}}},"2":{"name":"(anonymous_8)","decl":{"start":{"line":16,"column":22},"end":{"line":16,"column":25}},"loc":{"start":{"line":16,"column":28},"end":{"line":16,"column":45}}}},"branchMap":{"0":{"loc":{"start":{"line":12,"column":29},"end":{"line":12,"column":46}},"type":"default-arg","locations":[{"start":{"line":12,"column":41},"end":{"line":12,"column":46}}]},"1":{"loc":{"start":{"line":28,"column":7},"end":{"line":29,"column":null}},"type":"binary-expr","locations":[{"start":{"line":28,"column":7},"end":{"line":28,"column":14}},{"start":{"line":29,"column":8},"end":{"line":29,"column":72}}]}},"s":{"0":1,"1":1,"2":1,"3":6,"4":6,"5":6,"6":2,"7":6,"8":1,"9":6,"10":6,"11":1},"f":{"0":6,"1":2,"2":1},"b":{"0":[0],"1":[6,2]}}
}
