TN:
SF:src\Button\index.tsx
FN:15,(anonymous_1)
FNF:1
FNH:1
FNDA:4,(anonymous_1)
DA:1,1
DA:3,1
DA:15,1
DA:16,4
DA:17,4
DA:31,1
LF:6
LH:6
BRDA:16,0,0,2
BRDA:20,1,0,4
BRDA:20,1,1,0
BRDA:21,2,0,0
BRDA:21,2,1,4
BRF:5
BRH:3
end_of_record
TN:
SF:src\Calendar\index.tsx
FN:8,(anonymous_2)
FN:21,(anonymous_3)
FNF:2
FNH:2
FNDA:3,(anonymous_2)
FNDA:16,(anonymous_3)
DA:1,1
DA:2,1
DA:3,1
DA:4,1
DA:8,1
DA:11,3
DA:12,3
DA:14,3
DA:22,16
DA:23,8
DA:24,8
DA:25,8
DA:27,0
DA:35,1
LF:14
LH:13
BRDA:11,0,0,3
BRDA:18,1,0,0
BRDA:18,1,1,3
BRDA:22,2,0,8
BRDA:22,2,1,8
BRDA:24,3,0,8
BRF:6
BRH:5
end_of_record
TN:
SF:src\Input\index.tsx
FN:10,(anonymous_2)
FNF:1
FNH:1
FNDA:3,(anonymous_2)
DA:1,1
DA:2,1
DA:10,1
DA:11,3
DA:12,3
DA:21,1
LF:6
LH:6
BRDA:14,0,0,0
BRDA:14,0,1,3
BRF:2
BRH:1
end_of_record
TN:
SF:src\Select\index.tsx
FN:44,(anonymous_6)
FN:54,(anonymous_7)
FN:55,(anonymous_8)
FN:58,(anonymous_9)
FN:65,(anonymous_10)
FN:66,(anonymous_11)
FN:76,(anonymous_12)
FN:102,(anonymous_13)
FN:114,(anonymous_14)
FN:134,(anonymous_15)
FN:145,(anonymous_16)
FN:157,(anonymous_17)
FNF:12
FNH:12
FNDA:10,(anonymous_6)
FNDA:4,(anonymous_7)
FNDA:4,(anonymous_8)
FNDA:1,(anonymous_9)
FNDA:4,(anonymous_10)
FNDA:1,(anonymous_11)
FNDA:4,(anonymous_12)
FNDA:10,(anonymous_13)
FNDA:4,(anonymous_14)
FNDA:10,(anonymous_15)
FNDA:6,(anonymous_16)
FNDA:1,(anonymous_17)
DA:2,1
DA:3,1
DA:11,1
DA:42,1
DA:44,1
DA:45,10
DA:47,10
DA:48,10
DA:49,10
DA:50,10
DA:54,10
DA:55,4
DA:58,10
DA:59,1
DA:60,1
DA:61,1
DA:62,1
DA:65,10
DA:66,4
DA:67,1
DA:71,1
DA:75,4
DA:76,4
DA:77,4
DA:81,10
DA:102,1
DA:105,10
DA:106,10
DA:108,10
DA:112,10
DA:114,10
DA:115,4
DA:116,4
DA:117,4
DA:121,10
DA:134,1
DA:137,10
DA:138,10
DA:140,10
DA:145,1
DA:149,6
DA:150,6
DA:152,6
DA:154,6
DA:157,1
LF:45
LH:45
BRDA:62,0,0,1
BRDA:67,1,0,1
BRDA:68,2,0,1
BRDA:68,2,1,1
BRDA:93,3,0,0
BRDA:93,3,1,10
BRDA:109,4,0,3
BRDA:109,4,1,7
BRDA:109,5,0,0
BRDA:109,5,1,10
BRDA:109,6,0,10
BRDA:109,6,1,10
BRDA:112,7,0,0
BRDA:116,8,0,4
BRDA:128,9,0,10
BRDA:128,9,1,9
BRDA:138,10,0,0
BRDA:140,11,0,3
BRDA:140,11,1,7
BRDA:150,12,0,0
BRDA:152,13,0,6
BRDA:152,13,1,6
BRDA:156,14,0,0
BRDA:156,14,1,6
BRDA:160,15,0,6
BRDA:160,15,1,0
BRF:26
BRH:19
end_of_record
TN:
SF:src\Separator\index.tsx
FN:13,(anonymous_1)
FNF:1
FNH:1
FNDA:2,(anonymous_1)
DA:1,1
DA:2,1
DA:13,1
DA:14,2
DA:15,2
DA:21,1
LF:6
LH:6
BRDA:14,0,0,1
BRDA:17,1,0,0
BRDA:17,1,1,2
BRF:3
BRH:2
end_of_record
TN:
SF:src\Tooltip\index.tsx
FN:11,(anonymous_6)
FN:15,(anonymous_7)
FN:16,(anonymous_8)
FNF:3
FNH:3
FNDA:6,(anonymous_6)
FNDA:2,(anonymous_7)
FNDA:1,(anonymous_8)
DA:1,1
DA:2,1
DA:11,1
DA:12,6
DA:13,6
DA:15,6
DA:16,6
DA:19,6
DA:21,6
DA:35,1
LF:10
LH:10
BRDA:12,0,0,0
BRDA:28,1,0,6
BRDA:28,1,1,2
BRF:3
BRH:2
end_of_record
